d:\οπα\c++\2020\mygame\mygame\x64\release\vc142.pdb
d:\οπα\c++\2020\mygame\mygame\x64\release\util.obj
d:\οπα\c++\2020\mygame\mygame\x64\release\powerup.obj
d:\οπα\c++\2020\mygame\mygame\x64\release\player.obj
d:\οπα\c++\2020\mygame\mygame\x64\release\meteor.obj
d:\οπα\c++\2020\mygame\mygame\x64\release\main.obj
d:\οπα\c++\2020\mygame\mygame\x64\release\gunfire.obj
d:\οπα\c++\2020\mygame\mygame\x64\release\gameobject.obj
d:\οπα\c++\2020\mygame\mygame\x64\release\game.obj
d:\οπα\c++\2020\mygame\mygame\x64\release\fire.obj
d:\οπα\c++\2020\mygame\mygame\x64\release\explosion.obj
d:\οπα\c++\2020\mygame\mygame\x64\release\enemy.obj
d:\οπα\c++\2020\mygame\bin\mygame.exe
d:\οπα\c++\2020\mygame\bin\mygame.pdb
d:\οπα\c++\2020\mygame\bin\mygame.ipdb
d:\οπα\c++\2020\mygame\bin\mygame.iobj
d:\οπα\c++\2020\mygame\mygame\x64\release\mygame.tlog\cl.command.1.tlog
d:\οπα\c++\2020\mygame\mygame\x64\release\mygame.tlog\cl.read.1.tlog
d:\οπα\c++\2020\mygame\mygame\x64\release\mygame.tlog\cl.write.1.tlog
d:\οπα\c++\2020\mygame\mygame\x64\release\mygame.tlog\link.command.1.tlog
d:\οπα\c++\2020\mygame\mygame\x64\release\mygame.tlog\link.read.1.tlog
d:\οπα\c++\2020\mygame\mygame\x64\release\mygame.tlog\link.write.1.tlog
d:\οπα\c++\2020\mygame\mygame\x64\release\mygame.tlog\mygame.write.1u.tlog
